<?xml version="1.0" encoding="UTF-8"?>
<testsuite name="petstore.Pet" tests="3" skipped="0" failures="0" errors="0" timestamp="2021-08-13T00:40:20" hostname="SEN001627" time="5.024">
  <properties/>
  <testcase name="incluirPet" classname="petstore.Pet" time="3.185"/>
  <testcase name="consultarPet" classname="petstore.Pet" time="0.964"/>
  <testcase name="alterarPet" classname="petstore.Pet" time="0.871"/>
  <system-out><![CDATA[Request method:	POST
Request URI:	https://petstore.swagger.io/v2/pet
Proxy:			<none>
Request params:	<none>
Query params:	<none>
Form params:	<none>
Path params:	<none>
Headers:		Accept=*/*
				Content-Type=application/json; charset=UTF-8
Cookies:		<none>
Multiparts:		<none>
Body:
{
    "id": 1956022304,
    "category": {
        "id": 1,
        "name": "cachorro"
    },
    "name": "Visa",
    "photoUrls": [
        "string"
    ],
    "tags": [
        {
            "id": 0,
            "name": "sta"
        }
    ],
    "status": "available"
}
HTTP/1.1 200 OK
Date: Fri, 13 Aug 2021 00:40:23 GMT
Content-Type: application/json
Transfer-Encoding: chunked
Connection: keep-alive
Access-Control-Allow-Origin: *
Access-Control-Allow-Methods: GET, POST, DELETE, PUT
Access-Control-Allow-Headers: Content-Type, api_key, Authorization
Server: Jetty(9.2.9.v20150224)

{
    "id": 1956022304,
    "category": {
        "id": 1,
        "name": "cachorro"
    },
    "name": "Visa",
    "photoUrls": [
        "string"
    ],
    "tags": [
        {
            "id": 0,
            "name": "sta"
        }
    ],
    "status": "available"
}
Request method:	GET
Request URI:	https://petstore.swagger.io/v2/pet/1956022304
Proxy:			<none>
Request params:	<none>
Query params:	<none>
Form params:	<none>
Path params:	<none>
Headers:		Accept=*/*
				Content-Type=application/json; charset=UTF-8
Cookies:		<none>
Multiparts:		<none>
Body:			<none>
HTTP/1.1 200 OK
Date: Fri, 13 Aug 2021 00:40:24 GMT
Content-Type: application/json
Transfer-Encoding: chunked
Connection: keep-alive
Access-Control-Allow-Origin: *
Access-Control-Allow-Methods: GET, POST, DELETE, PUT
Access-Control-Allow-Headers: Content-Type, api_key, Authorization
Server: Jetty(9.2.9.v20150224)

{
    "id": 1956022304,
    "category": {
        "id": 1,
        "name": "cachorro"
    },
    "name": "Visa",
    "photoUrls": [
        "string"
    ],
    "tags": [
        {
            "id": 0,
            "name": "sta"
        }
    ],
    "status": "available"
}
O token é cachorro
Request method:	PUT
Request URI:	https://petstore.swagger.io/v2/pet
Proxy:			<none>
Request params:	<none>
Query params:	<none>
Form params:	<none>
Path params:	<none>
Headers:		Accept=*/*
				Content-Type=application/json; charset=UTF-8
Cookies:		<none>
Multiparts:		<none>
Body:
{
    "id": 1956022304,
    "category": {
        "id": 1,
        "name": "cachorro"
    },
    "name": "Vida",
    "photoUrls": [
        "string"
    ],
    "tags": [
        {
            "id": 0,
            "name": "sta"
        }
    ],
    "status": "sold"
}
HTTP/1.1 200 OK
Date: Fri, 13 Aug 2021 00:40:25 GMT
Content-Type: application/json
Transfer-Encoding: chunked
Connection: keep-alive
Access-Control-Allow-Origin: *
Access-Control-Allow-Methods: GET, POST, DELETE, PUT
Access-Control-Allow-Headers: Content-Type, api_key, Authorization
Server: Jetty(9.2.9.v20150224)

{
    "id": 1956022304,
    "category": {
        "id": 1,
        "name": "cachorro"
    },
    "name": "Vida",
    "photoUrls": [
        "string"
    ],
    "tags": [
        {
            "id": 0,
            "name": "sta"
        }
    ],
    "status": "sold"
}
]]></system-out>
  <system-err><![CDATA[]]></system-err>
</testsuite>
