<?xml version="1.0" encoding="UTF-8"?>
<testsuite name="petstore.Pet" tests="2" skipped="0" failures="0" errors="0" timestamp="2021-08-13T00:18:12" hostname="SEN001627" time="4.275">
  <properties/>
  <testcase name="incluirPet" classname="petstore.Pet" time="3.25"/>
  <testcase name="consultarPet" classname="petstore.Pet" time="1.021"/>
  <system-out><![CDATA[Request method:	POST
Request URI:	https://petstore.swagger.io/v2/pet
Proxy:			<none>
Request params:	<none>
Query params:	<none>
Form params:	<none>
Path params:	<none>
Headers:		Accept=*/*
				Content-Type=application/json; charset=UTF-8
Cookies:		<none>
Multiparts:		<none>
Body:
{
    "id": 1956022304,
    "category": {
        "id": 1,
        "name": "cachorro"
    },
    "name": "Visa",
    "photoUrls": [
        "string"
    ],
    "tags": [
        {
            "id": 0,
            "name": "sta"
        }
    ],
    "status": "available"
}
HTTP/1.1 200 OK
Date: Fri, 13 Aug 2021 00:18:15 GMT
Content-Type: application/json
Transfer-Encoding: chunked
Connection: keep-alive
Access-Control-Allow-Origin: *
Access-Control-Allow-Methods: GET, POST, DELETE, PUT
Access-Control-Allow-Headers: Content-Type, api_key, Authorization
Server: Jetty(9.2.9.v20150224)

{
    "id": 1956022304,
    "category": {
        "id": 1,
        "name": "cachorro"
    },
    "name": "Visa",
    "photoUrls": [
        "string"
    ],
    "tags": [
        {
            "id": 0,
            "name": "sta"
        }
    ],
    "status": "available"
}
Request method:	GET
Request URI:	https://petstore.swagger.io/v2/pet/1956022304
Proxy:			<none>
Request params:	<none>
Query params:	<none>
Form params:	<none>
Path params:	<none>
Headers:		Accept=*/*
				Content-Type=application/json; charset=UTF-8
Cookies:		<none>
Multiparts:		<none>
Body:			<none>
HTTP/1.1 200 OK
Date: Fri, 13 Aug 2021 00:18:16 GMT
Content-Type: application/json
Transfer-Encoding: chunked
Connection: keep-alive
Access-Control-Allow-Origin: *
Access-Control-Allow-Methods: GET, POST, DELETE, PUT
Access-Control-Allow-Headers: Content-Type, api_key, Authorization
Server: Jetty(9.2.9.v20150224)

{
    "id": 1956022304,
    "category": {
        "id": 1,
        "name": "cachorro"
    },
    "name": "Visa",
    "photoUrls": [
        "string"
    ],
    "tags": [
        {
            "id": 0,
            "name": "sta"
        }
    ],
    "status": "available"
}
O token é cachorro
]]></system-out>
  <system-err><![CDATA[]]></system-err>
</testsuite>
